<?xml version="1.0" encoding="UTF-8"?>
<testsuite xmlns:xsi="http://www.w3.org/2001/XMLSchema-instance" xsi:noNamespaceSchemaLocation="https://maven.apache.org/surefire/maven-surefire-plugin/xsd/surefire-test-report.xsd" name="pt.ua.tqs.AppTest" time="3.243" tests="4" errors="0" skipped="0" failures="0">
  <properties>
    <property name="java.specification.version" value="17"/>
    <property name="sun.jnu.encoding" value="UTF-8"/>
    <property name="java.class.path" value="/home/cobileacd/TQS_102409/lab7/lab7_1/lab7_1/target/test-classes:/home/cobileacd/TQS_102409/lab7/lab7_1/lab7_1/target/classes:/home/cobileacd/.m2/repository/junit/junit/4.11/junit-4.11.jar:/home/cobileacd/.m2/repository/org/hamcrest/hamcrest-core/1.3/hamcrest-core-1.3.jar:/home/cobileacd/.m2/repository/io/rest-assured/rest-assured/5.4.0/rest-assured-5.4.0.jar:/home/cobileacd/.m2/repository/org/apache/groovy/groovy/4.0.16/groovy-4.0.16.jar:/home/cobileacd/.m2/repository/org/apache/groovy/groovy-xml/4.0.16/groovy-xml-4.0.16.jar:/home/cobileacd/.m2/repository/org/apache/httpcomponents/httpclient/4.5.13/httpclient-4.5.13.jar:/home/cobileacd/.m2/repository/org/apache/httpcomponents/httpcore/4.4.13/httpcore-4.4.13.jar:/home/cobileacd/.m2/repository/commons-logging/commons-logging/1.2/commons-logging-1.2.jar:/home/cobileacd/.m2/repository/commons-codec/commons-codec/1.11/commons-codec-1.11.jar:/home/cobileacd/.m2/repository/org/apache/httpcomponents/httpmime/4.5.13/httpmime-4.5.13.jar:/home/cobileacd/.m2/repository/org/hamcrest/hamcrest/2.2/hamcrest-2.2.jar:/home/cobileacd/.m2/repository/org/ccil/cowan/tagsoup/tagsoup/1.2.1/tagsoup-1.2.1.jar:/home/cobileacd/.m2/repository/io/rest-assured/json-path/5.4.0/json-path-5.4.0.jar:/home/cobileacd/.m2/repository/org/apache/groovy/groovy-json/4.0.16/groovy-json-4.0.16.jar:/home/cobileacd/.m2/repository/io/rest-assured/rest-assured-common/5.4.0/rest-assured-common-5.4.0.jar:/home/cobileacd/.m2/repository/io/rest-assured/xml-path/5.4.0/xml-path-5.4.0.jar:/home/cobileacd/.m2/repository/org/apache/commons/commons-lang3/3.11/commons-lang3-3.11.jar:"/>
    <property name="java.vm.vendor" value="Private Build"/>
    <property name="sun.arch.data.model" value="64"/>
    <property name="java.vendor.url" value="Unknown"/>
    <property name="os.name" value="Linux"/>
    <property name="java.vm.specification.version" value="17"/>
    <property name="sun.java.launcher" value="SUN_STANDARD"/>
    <property name="sun.boot.library.path" value="/usr/lib/jvm/java-17-openjdk-amd64/lib"/>
    <property name="sun.java.command" value="/home/cobileacd/TQS_102409/lab7/lab7_1/lab7_1/target/surefire/surefirebooter8311593525672659465.jar /home/cobileacd/TQS_102409/lab7/lab7_1/lab7_1/target/surefire 2024-04-17T13-00-06_659-jvmRun1 surefire9339064156237056590tmp surefire_01329098466530504173tmp"/>
    <property name="jdk.debug" value="release"/>
    <property name="surefire.test.class.path" value="/home/cobileacd/TQS_102409/lab7/lab7_1/lab7_1/target/test-classes:/home/cobileacd/TQS_102409/lab7/lab7_1/lab7_1/target/classes:/home/cobileacd/.m2/repository/junit/junit/4.11/junit-4.11.jar:/home/cobileacd/.m2/repository/org/hamcrest/hamcrest-core/1.3/hamcrest-core-1.3.jar:/home/cobileacd/.m2/repository/io/rest-assured/rest-assured/5.4.0/rest-assured-5.4.0.jar:/home/cobileacd/.m2/repository/org/apache/groovy/groovy/4.0.16/groovy-4.0.16.jar:/home/cobileacd/.m2/repository/org/apache/groovy/groovy-xml/4.0.16/groovy-xml-4.0.16.jar:/home/cobileacd/.m2/repository/org/apache/httpcomponents/httpclient/4.5.13/httpclient-4.5.13.jar:/home/cobileacd/.m2/repository/org/apache/httpcomponents/httpcore/4.4.13/httpcore-4.4.13.jar:/home/cobileacd/.m2/repository/commons-logging/commons-logging/1.2/commons-logging-1.2.jar:/home/cobileacd/.m2/repository/commons-codec/commons-codec/1.11/commons-codec-1.11.jar:/home/cobileacd/.m2/repository/org/apache/httpcomponents/httpmime/4.5.13/httpmime-4.5.13.jar:/home/cobileacd/.m2/repository/org/hamcrest/hamcrest/2.2/hamcrest-2.2.jar:/home/cobileacd/.m2/repository/org/ccil/cowan/tagsoup/tagsoup/1.2.1/tagsoup-1.2.1.jar:/home/cobileacd/.m2/repository/io/rest-assured/json-path/5.4.0/json-path-5.4.0.jar:/home/cobileacd/.m2/repository/org/apache/groovy/groovy-json/4.0.16/groovy-json-4.0.16.jar:/home/cobileacd/.m2/repository/io/rest-assured/rest-assured-common/5.4.0/rest-assured-common-5.4.0.jar:/home/cobileacd/.m2/repository/io/rest-assured/xml-path/5.4.0/xml-path-5.4.0.jar:/home/cobileacd/.m2/repository/org/apache/commons/commons-lang3/3.11/commons-lang3-3.11.jar:"/>
    <property name="sun.cpu.endian" value="little"/>
    <property name="user.home" value="/home/cobileacd"/>
    <property name="user.language" value="en"/>
    <property name="java.specification.vendor" value="Oracle Corporation"/>
    <property name="java.version.date" value="2023-04-18"/>
    <property name="java.home" value="/usr/lib/jvm/java-17-openjdk-amd64"/>
    <property name="file.separator" value="/"/>
    <property name="basedir" value="/home/cobileacd/TQS_102409/lab7/lab7_1/lab7_1"/>
    <property name="java.vm.compressedOopsMode" value="32-bit"/>
    <property name="line.separator" value="&#10;"/>
    <property name="java.vm.specification.vendor" value="Oracle Corporation"/>
    <property name="java.specification.name" value="Java Platform API Specification"/>
    <property name="surefire.real.class.path" value="/home/cobileacd/TQS_102409/lab7/lab7_1/lab7_1/target/surefire/surefirebooter8311593525672659465.jar"/>
    <property name="sun.management.compiler" value="HotSpot 64-Bit Tiered Compilers"/>
    <property name="java.runtime.version" value="17.0.7+7-Ubuntu-0ubuntu122.04.2"/>
    <property name="user.name" value="cobileacd"/>
    <property name="path.separator" value=":"/>
    <property name="os.version" value="5.15.146.1-microsoft-standard-WSL2"/>
    <property name="java.runtime.name" value="OpenJDK Runtime Environment"/>
    <property name="file.encoding" value="UTF-8"/>
    <property name="java.vm.name" value="OpenJDK 64-Bit Server VM"/>
    <property name="localRepository" value="/home/cobileacd/.m2/repository"/>
    <property name="java.vendor.url.bug" value="Unknown"/>
    <property name="java.io.tmpdir" value="/tmp"/>
    <property name="java.version" value="17.0.7"/>
    <property name="user.dir" value="/home/cobileacd/TQS_102409/lab7/lab7_1/lab7_1"/>
    <property name="os.arch" value="amd64"/>
    <property name="java.vm.specification.name" value="Java Virtual Machine Specification"/>
    <property name="native.encoding" value="UTF-8"/>
    <property name="java.library.path" value="/usr/java/packages/lib:/usr/lib/x86_64-linux-gnu/jni:/lib/x86_64-linux-gnu:/usr/lib/x86_64-linux-gnu:/usr/lib/jni:/lib:/usr/lib"/>
    <property name="java.vm.info" value="mixed mode, sharing"/>
    <property name="java.vendor" value="Private Build"/>
    <property name="java.vm.version" value="17.0.7+7-Ubuntu-0ubuntu122.04.2"/>
    <property name="sun.io.unicode.encoding" value="UnicodeLittle"/>
    <property name="java.class.version" value="61.0"/>
  </properties>
  <testcase name="isResponseTimeFromAllTodosLessThan2Seconds" classname="pt.ua.tqs.AppTest" time="1.686"/>
  <testcase name="whenListingAllTodosDoesItReturnCorrectIds" classname="pt.ua.tqs.AppTest" time="0.989"/>
  <testcase name="isListAllTodosAvailable" classname="pt.ua.tqs.AppTest" time="0.144"/>
  <testcase name="isTodo4ReturingExpected" classname="pt.ua.tqs.AppTest" time="0.382"/>
</testsuite>